<?xml version="1.0" encoding="UTF-8"?>
<testng-results skipped="0" failed="0" total="5" passed="5">
  <reporter-output>
  </reporter-output>
  <suite name="Default suite" duration-ms="24889" started-at="2015-08-19T18:03:24Z" finished-at="2015-08-19T18:03:49Z">
    <groups>
    </groups>
    <test name="Default test" duration-ms="24889" started-at="2015-08-19T18:03:24Z" finished-at="2015-08-19T18:03:49Z">
      <class name="com.example.tests.GroupModificationTests">
        <test-method status="PASS" signature="setUp()[pri:0, instance:com.example.tests.GroupModificationTests@52d455b8]" name="setUp" is-config="true" duration-ms="4676" started-at="2015-08-19T21:03:24Z" finished-at="2015-08-19T21:03:29Z">
          <reporter-output>
          </reporter-output>
        </test-method> <!-- setUp -->
        <test-method status="PASS" signature="modifySomeGroup(com.example.tests.GroupData)[pri:0, instance:com.example.tests.GroupModificationTests@52d455b8]" name="modifySomeGroup" duration-ms="5832" started-at="2015-08-19T21:03:29Z" data-provider="randomValidGroupGenerator" finished-at="2015-08-19T21:03:35Z">
          <params>
            <param index="0">
              <value>
                <![CDATA[GroupData [name=test1354502486, header=test-34912018, footer=]]]>
              </value>
            </param>
          </params>
          <reporter-output>
          </reporter-output>
        </test-method> <!-- modifySomeGroup -->
        <test-method status="PASS" signature="modifySomeGroup(com.example.tests.GroupData)[pri:0, instance:com.example.tests.GroupModificationTests@52d455b8]" name="modifySomeGroup" duration-ms="3963" started-at="2015-08-19T21:03:35Z" data-provider="randomValidGroupGenerator" finished-at="2015-08-19T21:03:39Z">
          <params>
            <param index="0">
              <value>
                <![CDATA[GroupData [name=, header=, footer=test1210928120]]]>
              </value>
            </param>
          </params>
          <reporter-output>
          </reporter-output>
        </test-method> <!-- modifySomeGroup -->
        <test-method status="PASS" signature="modifySomeGroup(com.example.tests.GroupData)[pri:0, instance:com.example.tests.GroupModificationTests@52d455b8]" name="modifySomeGroup" duration-ms="3146" started-at="2015-08-19T21:03:39Z" data-provider="randomValidGroupGenerator" finished-at="2015-08-19T21:03:42Z">
          <params>
            <param index="0">
              <value>
                <![CDATA[GroupData [name=test-107375722, header=test1185379081, footer=]]]>
              </value>
            </param>
          </params>
          <reporter-output>
          </reporter-output>
        </test-method> <!-- modifySomeGroup -->
        <test-method status="PASS" signature="modifySomeGroup(com.example.tests.GroupData)[pri:0, instance:com.example.tests.GroupModificationTests@52d455b8]" name="modifySomeGroup" duration-ms="3136" started-at="2015-08-19T21:03:42Z" data-provider="randomValidGroupGenerator" finished-at="2015-08-19T21:03:45Z">
          <params>
            <param index="0">
              <value>
                <![CDATA[GroupData [name=, header=test-1965787340, footer=test489841017]]]>
              </value>
            </param>
          </params>
          <reporter-output>
          </reporter-output>
        </test-method> <!-- modifySomeGroup -->
        <test-method status="PASS" signature="modifySomeGroup(com.example.tests.GroupData)[pri:0, instance:com.example.tests.GroupModificationTests@52d455b8]" name="modifySomeGroup" duration-ms="3692" started-at="2015-08-19T21:03:45Z" data-provider="randomValidGroupGenerator" finished-at="2015-08-19T21:03:49Z">
          <params>
            <param index="0">
              <value>
                <![CDATA[GroupData [name=test-585606906, header=, footer=]]]>
              </value>
            </param>
          </params>
          <reporter-output>
          </reporter-output>
        </test-method> <!-- modifySomeGroup -->
        <test-method status="PASS" signature="tearDown()[pri:0, instance:com.example.tests.GroupModificationTests@52d455b8]" name="tearDown" is-config="true" duration-ms="435" started-at="2015-08-19T21:03:49Z" finished-at="2015-08-19T21:03:49Z">
          <reporter-output>
          </reporter-output>
        </test-method> <!-- tearDown -->
      </class> <!-- com.example.tests.GroupModificationTests -->
    </test> <!-- Default test -->
  </suite> <!-- Default suite -->
</testng-results>
